<?xml version="1.0" encoding="UTF-8"?>
<!-- Generated by org.testng.reporters.JUnitXMLReporter -->
<testsuite hostname="Santhi" name="Test Login Page" tests="2" failures="0" timestamp="20 Aug 2016 21:09:06 GMT" time="12.44" errors="0">
  <testcase name="openRegistrationForm" time="0.9" classname="com.santhi.QADdemo.onlineRegistration.OnlineRegistrationForm"/>
  <testcase name="fillAndSubmitRegistrationForm" time="4.697" classname="com.santhi.QADdemo.onlineRegistration.OnlineRegistrationForm"/>
</testsuite> <!-- Test Login Page -->
