<?xml version="1.0" encoding="UTF-8"?>
<testng-results skipped="0" failed="0" total="2" passed="2">
  <reporter-output>
  </reporter-output>
  <suite name="Default suite" duration-ms="8160" started-at="2016-08-23T12:46:05Z" finished-at="2016-08-23T12:46:13Z">
    <groups>
    </groups>
    <test name="Default test" duration-ms="8160" started-at="2016-08-23T12:46:05Z" finished-at="2016-08-23T12:46:13Z">
      <class name="com.santhi.QADdemo.onlineRegistration.Frames">
        <test-method status="PASS" signature="setUp()[pri:0, instance:com.santhi.QADdemo.onlineRegistration.Frames@3b180cbd]" name="setUp" is-config="true" duration-ms="7005" started-at="2016-08-23T08:46:05Z" finished-at="2016-08-23T08:46:12Z">
          <reporter-output>
          </reporter-output>
        </test-method> <!-- setUp -->
        <test-method status="PASS" signature="clickAndValidateFramesLink()[pri:0, instance:com.santhi.QADdemo.onlineRegistration.Frames@3b180cbd]" name="clickAndValidateFramesLink" duration-ms="1023" started-at="2016-08-23T08:46:12Z" finished-at="2016-08-23T08:46:13Z">
          <reporter-output>
          </reporter-output>
        </test-method> <!-- clickAndValidateFramesLink -->
        <test-method status="PASS" signature="newWindow()[pri:0, instance:com.santhi.QADdemo.onlineRegistration.Frames@3b180cbd]" name="newWindow" duration-ms="101" started-at="2016-08-23T08:46:13Z" finished-at="2016-08-23T08:46:13Z">
          <reporter-output>
          </reporter-output>
        </test-method> <!-- newWindow -->
      </class> <!-- com.santhi.QADdemo.onlineRegistration.Frames -->
    </test> <!-- Default test -->
  </suite> <!-- Default suite -->
</testng-results>
